<?xml version="1.0" encoding="UTF-8"?>
<testng-results skipped="2" failed="0" ignored="0" total="10" passed="8">
  <reporter-output>
  </reporter-output>
  <suite name="Suite" duration-ms="19829" started-at="2021-01-29T18:02:30 IST" finished-at="2021-01-29T18:02:50 IST">
    <groups>
    </groups>
    <test name="TestRunnerChrome" duration-ms="11913" started-at="2021-01-29T18:02:30 IST" finished-at="2021-01-29T18:02:42 IST">
      <class name="generateReport.SampleReport">
        <test-method status="PASS" signature="setUp(java.lang.String)[pri:0, instance:generateReport.SampleReport@420bc288]" name="setUp" is-config="true" duration-ms="8068" started-at="2021-01-29T18:02:30 IST" finished-at="2021-01-29T18:02:39 IST">
          <params>
            <param index="0">
              <value>
                <![CDATA[chrome]]>
              </value>
            </param>
          </params>
          <reporter-output>
          </reporter-output>
        </test-method> <!-- setUp -->
        <test-method status="PASS" signature="loginTest()[pri:0, instance:generateReport.SampleReport@420bc288]" name="loginTest" duration-ms="2613" started-at="2021-01-29T18:02:39 IST" finished-at="2021-01-29T18:02:41 IST">
          <reporter-output>
          </reporter-output>
        </test-method> <!-- loginTest -->
        <test-method status="SKIP" signature="logoutTest()[pri:2, instance:generateReport.SampleReport@420bc288]" name="logoutTest" duration-ms="29" started-at="2021-01-29T18:02:39 IST" finished-at="2021-01-29T18:02:39 IST">
          <exception class="org.testng.SkipException">
            <message>
              <![CDATA[logoutTest is skipped]]>
            </message>
            <full-stacktrace>
              <![CDATA[org.testng.SkipException: logoutTest is skipped
at generateReport.SampleReport.logoutTest(SampleReport.java:58)
at sun.reflect.NativeMethodAccessorImpl.invoke0(Native Method)
at sun.reflect.NativeMethodAccessorImpl.invoke(Unknown Source)
at sun.reflect.DelegatingMethodAccessorImpl.invoke(Unknown Source)
at java.lang.reflect.Method.invoke(Unknown Source)
at org.testng.internal.MethodInvocationHelper.invokeMethod(MethodInvocationHelper.java:132)
at org.testng.internal.TestInvoker.invokeMethod(TestInvoker.java:599)
at org.testng.internal.TestInvoker.invokeTestMethod(TestInvoker.java:174)
at org.testng.internal.MethodRunner.runInSequence(MethodRunner.java:46)
at org.testng.internal.TestInvoker$MethodInvocationAgent.invoke(TestInvoker.java:822)
at org.testng.internal.TestInvoker.invokeTestMethods(TestInvoker.java:147)
at org.testng.internal.TestMethodWorker.invokeTestMethods(TestMethodWorker.java:146)
at org.testng.internal.TestMethodWorker.run(TestMethodWorker.java:128)
at java.util.concurrent.ThreadPoolExecutor.runWorker(Unknown Source)
at java.util.concurrent.ThreadPoolExecutor$Worker.run(Unknown Source)
at java.lang.Thread.run(Unknown Source)
]]>
            </full-stacktrace>
          </exception> <!-- org.testng.SkipException -->
          <reporter-output>
          </reporter-output>
        </test-method> <!-- logoutTest -->
        <test-method status="PASS" signature="tearDown()[pri:0, instance:generateReport.SampleReport@420bc288]" name="tearDown" is-config="true" duration-ms="1148" started-at="2021-01-29T18:02:41 IST" finished-at="2021-01-29T18:02:42 IST">
          <reporter-output>
          </reporter-output>
        </test-method> <!-- tearDown -->
      </class> <!-- generateReport.SampleReport -->
      <class name="generateReport.TestCase1">
        <test-method status="PASS" signature="test3()[pri:0, instance:generateReport.TestCase1@df5f5c0]" name="test3" duration-ms="205" started-at="2021-01-29T18:02:31 IST" finished-at="2021-01-29T18:02:31 IST">
          <reporter-output>
          </reporter-output>
        </test-method> <!-- test3 -->
        <test-method status="PASS" signature="test1()[pri:0, instance:generateReport.TestCase1@df5f5c0]" name="test1" duration-ms="203" started-at="2021-01-29T18:02:31 IST" finished-at="2021-01-29T18:02:31 IST">
          <reporter-output>
          </reporter-output>
        </test-method> <!-- test1 -->
        <test-method status="PASS" signature="test2()[pri:0, instance:generateReport.TestCase1@df5f5c0]" name="test2" duration-ms="205" started-at="2021-01-29T18:02:31 IST" finished-at="2021-01-29T18:02:31 IST">
          <reporter-output>
          </reporter-output>
        </test-method> <!-- test2 -->
      </class> <!-- generateReport.TestCase1 -->
    </test> <!-- TestRunnerChrome -->
    <test name="TestRunnerFirefox" duration-ms="7852" started-at="2021-01-29T18:02:42 IST" finished-at="2021-01-29T18:02:50 IST">
      <class name="generateReport.SampleReport">
        <test-method status="PASS" signature="setUp(java.lang.String)[pri:0, instance:generateReport.SampleReport@4a8b5227]" name="setUp" is-config="true" duration-ms="5926" started-at="2021-01-29T18:02:42 IST" finished-at="2021-01-29T18:02:48 IST">
          <params>
            <param index="0">
              <value>
                <![CDATA[firefox]]>
              </value>
            </param>
          </params>
          <reporter-output>
          </reporter-output>
        </test-method> <!-- setUp -->
        <test-method status="PASS" signature="loginTest()[pri:0, instance:generateReport.SampleReport@4a8b5227]" name="loginTest" duration-ms="164" started-at="2021-01-29T18:02:48 IST" finished-at="2021-01-29T18:02:48 IST">
          <reporter-output>
          </reporter-output>
        </test-method> <!-- loginTest -->
        <test-method status="SKIP" signature="logoutTest()[pri:2, instance:generateReport.SampleReport@4a8b5227]" name="logoutTest" duration-ms="15" started-at="2021-01-29T18:02:48 IST" finished-at="2021-01-29T18:02:48 IST">
          <exception class="org.testng.SkipException">
            <message>
              <![CDATA[logoutTest is skipped]]>
            </message>
            <full-stacktrace>
              <![CDATA[org.testng.SkipException: logoutTest is skipped
at generateReport.SampleReport.logoutTest(SampleReport.java:58)
at sun.reflect.NativeMethodAccessorImpl.invoke0(Native Method)
at sun.reflect.NativeMethodAccessorImpl.invoke(Unknown Source)
at sun.reflect.DelegatingMethodAccessorImpl.invoke(Unknown Source)
at java.lang.reflect.Method.invoke(Unknown Source)
at org.testng.internal.MethodInvocationHelper.invokeMethod(MethodInvocationHelper.java:132)
at org.testng.internal.TestInvoker.invokeMethod(TestInvoker.java:599)
at org.testng.internal.TestInvoker.invokeTestMethod(TestInvoker.java:174)
at org.testng.internal.MethodRunner.runInSequence(MethodRunner.java:46)
at org.testng.internal.TestInvoker$MethodInvocationAgent.invoke(TestInvoker.java:822)
at org.testng.internal.TestInvoker.invokeTestMethods(TestInvoker.java:147)
at org.testng.internal.TestMethodWorker.invokeTestMethods(TestMethodWorker.java:146)
at org.testng.internal.TestMethodWorker.run(TestMethodWorker.java:128)
at java.util.concurrent.ThreadPoolExecutor.runWorker(Unknown Source)
at java.util.concurrent.ThreadPoolExecutor$Worker.run(Unknown Source)
at java.lang.Thread.run(Unknown Source)
]]>
            </full-stacktrace>
          </exception> <!-- org.testng.SkipException -->
          <reporter-output>
          </reporter-output>
        </test-method> <!-- logoutTest -->
        <test-method status="PASS" signature="tearDown()[pri:0, instance:generateReport.SampleReport@4a8b5227]" name="tearDown" is-config="true" duration-ms="1751" started-at="2021-01-29T18:02:48 IST" finished-at="2021-01-29T18:02:50 IST">
          <reporter-output>
          </reporter-output>
        </test-method> <!-- tearDown -->
      </class> <!-- generateReport.SampleReport -->
      <class name="generateReport.TestCase1">
        <test-method status="PASS" signature="test3()[pri:0, instance:generateReport.TestCase1@54f5f647]" name="test3" duration-ms="4" started-at="2021-01-29T18:02:42 IST" finished-at="2021-01-29T18:02:42 IST">
          <reporter-output>
          </reporter-output>
        </test-method> <!-- test3 -->
        <test-method status="PASS" signature="test2()[pri:0, instance:generateReport.TestCase1@54f5f647]" name="test2" duration-ms="10" started-at="2021-01-29T18:02:42 IST" finished-at="2021-01-29T18:02:42 IST">
          <reporter-output>
          </reporter-output>
        </test-method> <!-- test2 -->
        <test-method status="PASS" signature="test1()[pri:0, instance:generateReport.TestCase1@54f5f647]" name="test1" duration-ms="18" started-at="2021-01-29T18:02:42 IST" finished-at="2021-01-29T18:02:42 IST">
          <reporter-output>
          </reporter-output>
        </test-method> <!-- test1 -->
      </class> <!-- generateReport.TestCase1 -->
    </test> <!-- TestRunnerFirefox -->
  </suite> <!-- Suite -->
</testng-results>
